<?xml version="1.0" encoding="UTF-8"?>
<testsuite xmlns:xsi="http://www.w3.org/2001/XMLSchema-instance" xsi:noNamespaceSchemaLocation="https://maven.apache.org/surefire/maven-surefire-plugin/xsd/surefire-test-report-3.0.xsd" version="3.0" name="com.example.actuatorservice.HelloWorldApplicationTests" time="13.463" tests="2" errors="0" skipped="0" failures="0">
  <properties>
[...]
</properties>
  <testcase name="shouldReturn200WhenSendingRequestToManagementEndpoint" classname="com.example.actuatorservice.HelloWorldApplicationTests" time="3.698">
    <system-out><![CDATA[11:59:06.827 [main] INFO org.springframework.test.context.support.AnnotationConfigContextLoaderUtils -- Could not detect default configuration classes for test class [com.example.actuatorservice.HelloWorldApplicationTests]: HelloWorldApplicationTests does not declare any static, non-private, non-final, nested classes annotated with @Configuration.
11:59:07.148 [main] INFO org.springframework.boot.test.context.SpringBootTestContextBootstrapper -- Found @SpringBootConfiguration com.example.actuatorservice.HelloWorldApplication for test class com.example.actuatorservice.HelloWorldApplicationTests

  .   ____          _            __ _ _
 /\\ / ___'_ __ _ _(_)_ __  __ _ \ \ \ \
( ( )\___ | '_ | '_| | '_ \/ _` | \ \ \ \
 \\/  ___)| |_)| | | | | || (_| |  ) ) ) )
  '  |____| .__|_| |_|_| |_\__, | / / / /
 =========|_|==============|___/=/_/_/_/
 :: Spring Boot ::                (v3.2.0)

2024-05-30T11:59:08.670+05:30  INFO 20340 --- [           main] c.e.a.HelloWorldApplicationTests         : Starting HelloWorldApplicationTests using Java 17.0.7 with PID 20340 (started by Lenovo in D:\Practices\Arc_AKS\gs-actuator-service-main\gs-actuator-service-main\complete)
2024-05-30T11:59:08.674+05:30  INFO 20340 --- [           main] c.e.a.HelloWorldApplicationTests         : No active profile set, falling back to 1 default profile: "default"
2024-05-30T11:59:12.425+05:30  INFO 20340 --- [           main] o.s.b.w.embedded.tomcat.TomcatWebServer  : Tomcat initialized with port 0 (http)
2024-05-30T11:59:12.454+05:30  INFO 20340 --- [           main] o.apache.catalina.core.StandardService   : Starting service [Tomcat]
2024-05-30T11:59:12.455+05:30  INFO 20340 --- [           main] o.apache.catalina.core.StandardEngine    : Starting Servlet engine: [Apache Tomcat/10.1.16]
2024-05-30T11:59:12.619+05:30  INFO 20340 --- [           main] o.a.c.c.C.[Tomcat].[localhost].[/]       : Initializing Spring embedded WebApplicationContext
2024-05-30T11:59:12.621+05:30  INFO 20340 --- [           main] w.s.c.ServletWebServerApplicationContext : Root WebApplicationContext: initialization completed in 3804 ms
2024-05-30T11:59:14.276+05:30  INFO 20340 --- [           main] o.s.b.w.embedded.tomcat.TomcatWebServer  : Tomcat started on port 6254 (http) with context path ''
2024-05-30T11:59:14.553+05:30  INFO 20340 --- [           main] o.s.b.w.embedded.tomcat.TomcatWebServer  : Tomcat initialized with port 0 (http)
2024-05-30T11:59:14.555+05:30  INFO 20340 --- [           main] o.apache.catalina.core.StandardService   : Starting service [Tomcat]
2024-05-30T11:59:14.557+05:30  INFO 20340 --- [           main] o.apache.catalina.core.StandardEngine    : Starting Servlet engine: [Apache Tomcat/10.1.16]
2024-05-30T11:59:14.628+05:30  INFO 20340 --- [           main] o.a.c.c.C.[Tomcat-1].[localhost].[/]     : Initializing Spring embedded WebApplicationContext
2024-05-30T11:59:14.632+05:30  INFO 20340 --- [           main] w.s.c.ServletWebServerApplicationContext : Root WebApplicationContext: initialization completed in 347 ms
2024-05-30T11:59:14.774+05:30  INFO 20340 --- [           main] o.s.b.a.e.web.EndpointLinksResolver      : Exposing 1 endpoint(s) beneath base path '/actuator'
2024-05-30T11:59:15.493+05:30  INFO 20340 --- [           main] o.s.b.w.embedded.tomcat.TomcatWebServer  : Tomcat started on port 6255 (http) with context path ''
2024-05-30T11:59:15.633+05:30  INFO 20340 --- [           main] c.e.a.HelloWorldApplicationTests         : Started HelloWorldApplicationTests in 7.947 seconds (process running for 11.581)
2024-05-30T11:59:19.155+05:30  INFO 20340 --- [1-auto-2-exec-1] o.a.c.c.C.[Tomcat-1].[localhost].[/]     : Initializing Spring DispatcherServlet 'dispatcherServletRegistration'
2024-05-30T11:59:19.155+05:30  INFO 20340 --- [1-auto-2-exec-1] o.s.web.servlet.DispatcherServlet        : Initializing Servlet 'dispatcherServletRegistration'
2024-05-30T11:59:19.157+05:30  INFO 20340 --- [1-auto-2-exec-1] o.s.web.servlet.DispatcherServlet        : Completed initialization in 2 ms
]]></system-out>
  </testcase>
  <testcase name="shouldReturn200WhenSendingRequestToController" classname="com.example.actuatorservice.HelloWorldApplicationTests" time="0.065">
    <system-out><![CDATA[2024-05-30T11:59:19.712+05:30  INFO 20340 --- [o-auto-1-exec-1] o.a.c.c.C.[Tomcat].[localhost].[/]       : Initializing Spring DispatcherServlet 'dispatcherServlet'
2024-05-30T11:59:19.713+05:30  INFO 20340 --- [o-auto-1-exec-1] o.s.web.servlet.DispatcherServlet        : Initializing Servlet 'dispatcherServlet'
2024-05-30T11:59:19.714+05:30  INFO 20340 --- [o-auto-1-exec-1] o.s.web.servlet.DispatcherServlet        : Completed initialization in 1 ms
]]></system-out>
  </testcase>
</testsuite>